=== BASE ===
15 pop up button F
19 text entry area (settable, string) Ask Grok anything
22 pop up button Attach
23 pop up button Model select
31 menu button Description: Tab Group picker ID: TabGroupPickerButton?TabGroup=
37 button Page Menu ID: AssistantButton
54 menu bar
58 View ID: SafariViewMenu
60 Bookmarks ID: SafariBookmarksMenu
62 Window ID: SafariWindowMenu
63 Help ID: SafariHelpMenu
MS 23
=== AFTER MODEL SELECT CLICK (len 4010 ) ===
23 pop up button Model select
31 menu button (disabled) Description: Tab Group picker ID: TabGroupPickerButton?TabGroup=
37 button Page Menu ID: AssistantButton
38 button (disabled) Add page to Reading List ID: OneStepBookmarkingButton
51 tab Grok Help: To interact with the items in this button, press Control-Option-Shift-Down Arrow. ID: TabBarTab?isPinned=false&isNarrow=false&isActive=true, Value: on, Secondary Act
54 menu bar
58 View ID: SafariViewMenu
60 Bookmarks ID: SafariBookmarksMenu
62 Window ID: SafariWindowMenu
63 Help ID: SafariHelpMenu
F button 15 pop up button F
=== AFTER F BUTTON (len 4387 ) ===
0 standard window Grok ID: SafariWindow?IsSecure=true&UUID=EE6545D4-7503-44B0-8F78-37178AE1DD26, Secondary Actions: Raise
22 pop up button Model select
28 container ç ka ka qëllue menu Value: çka ka qëllue menu
29 container ç ka ka qëllu stamford menu Value: çka ka qëllu stamford menu
36 menu button Description: Tab Group picker ID: TabGroupPickerButton?TabGroup=
42 button Page Menu ID: AssistantButton
43 button (disabled) Add page to Reading List ID: OneStepBookmarkingButton
56 tab Grok Help: To interact with the items in this button, press Control-Option-Shift-Down Arrow. ID: TabBarTab?isPinned=false&isNarrow=false&isActive=true, Value: on, Secondary Act
59 menu bar
63 View ID: SafariViewMenu
65 Bookmarks ID: SafariBookmarksMenu
67 Window ID: SafariWindowMenu
68 Help ID: SafariHelpMenu
=== try secondary on model select ===
secondary failed Command '['open-computer-use', 'call', 'perform_secondary_action', '--args', '{"app": "Safari", "element_index": "22", "action_name": "Show menu"}']' returned non-zero exit status 1.
ms line pop up button Model select
