Current menu items from SE:
AXMenu|missing value pos=968,566 size=277x50 center=1106.5,591.0
AXMenuItem|Auto
Chooses Fast or Expert pos=974,571 size=260x50 center=1104.0,596.0
AXMenuItem|Fast
Quick responses pos=974,631 size=260x50 center=1104.0,656.0
AXMenuItem|Expert
Thinks hard pos=974,691 size=260x50 center=1104.0,716.0
AXMenuItem|Heavy
Team of Experts pos=974,750 size=260x50 center=1104.0,775.0

Hardcoded Fast center: (1074, 656)
REAL CURSOR CLICK Fast at (1074, 656)
--- after Fast click ---
								23 pop up button Model select
The focused UI element is 23 pop up button Model select.
SE after Fast:
AXPopUpButton|Model select pos=1134,515 size=111x47 center=1189.5,538.5

shot size (1280, 802)
SUCCESS gate: menu closed and no open menu items for Fast/Expert/Heavy list
menu still open? False
AX mode menu gone - good sign
DONE
